# JRE version: Java(TM) SE Runtime Environment (12.0.2+10) (build 12.0.2+10)
# Java VM: Java HotSpot(TM) 64-Bit Server VM (12.0.2+10, mixed mode, sharing, tiered, compressed oops, g1 gc, windows-amd64)
Heap:
 garbage-first heap   total 40960K, used 12773K [0x0000000082000000, 0x0000000100000000)
  region size 1024K, 2 young (2048K), 1 survivors (1024K)
 Metaspace       used 12303K, capacity 12671K, committed 12800K, reserved 1060864K
  class space    used 1520K, capacity 1684K, committed 1792K, reserved 1048576K
GC Heap History (8 events):
Event: 6.838 GC heap before
{Heap before GC invocations=0 (full 0):
 garbage-first heap   total 129024K, used 68608K [0x0000000082000000, 0x0000000100000000)
  region size 1024K, 12 young (12288K), 0 survivors (0K)
 Metaspace       used 12293K, capacity 12668K, committed 12800K, reserved 1060864K
  class space    used 1519K, capacity 1683K, committed 1792K, reserved 1048576K
}
Event: 6.847 GC heap after
{Heap after GC invocations=1 (full 0):
 garbage-first heap   total 129024K, used 34211K [0x0000000082000000, 0x0000000100000000)
  region size 1024K, 2 young (2048K), 2 survivors (2048K)
 Metaspace       used 12293K, capacity 12668K, committed 12800K, reserved 1060864K
  class space    used 1519K, capacity 1683K, committed 1792K, reserved 1048576K
}
Event: 7.285 GC heap before
{Heap before GC invocations=2 (full 0):
 garbage-first heap   total 40960K, used 20899K [0x0000000082000000, 0x0000000100000000)
  region size 1024K, 4 young (4096K), 2 survivors (2048K)
 Metaspace       used 12296K, capacity 12668K, committed 12800K, reserved 1060864K
  class space    used 1519K, capacity 1683K, committed 1792K, reserved 1048576K
}
Event: 7.288 GC heap after
{Heap after GC invocations=3 (full 0):
 garbage-first heap   total 40960K, used 14056K [0x0000000082000000, 0x0000000100000000)
  region size 1024K, 1 young (1024K), 1 survivors (1024K)
 Metaspace       used 12296K, capacity 12668K, committed 12800K, reserved 1060864K
  class space    used 1519K, capacity 1683K, committed 1792K, reserved 1048576K
}
Event: 7.438 GC heap before
{Heap before GC invocations=4 (full 0):
 garbage-first heap   total 40960K, used 17128K [0x0000000082000000, 0x0000000100000000)
  region size 1024K, 2 young (2048K), 1 survivors (1024K)
 Metaspace       used 12298K, capacity 12668K, committed 12800K, reserved 1060864K
  class space    used 1520K, capacity 1683K, committed 1792K, reserved 1048576K
}
Event: 7.439 GC heap after
{Heap after GC invocations=5 (full 0):
 garbage-first heap   total 40960K, used 9771K [0x0000000082000000, 0x0000000100000000)
  region size 1024K, 1 young (1024K), 1 survivors (1024K)
 Metaspace       used 12298K, capacity 12668K, committed 12800K, reserved 1060864K
  class space    used 1520K, capacity 1683K, committed 1792K, reserved 1048576K
}
Event: 7.657 GC heap before
{Heap before GC invocations=6 (full 0):
 garbage-first heap   total 40960K, used 16939K [0x0000000082000000, 0x0000000100000000)
  region size 1024K, 2 young (2048K), 1 survivors (1024K)
 Metaspace       used 12302K, capacity 12671K, committed 12800K, reserved 1060864K
  class space    used 1520K, capacity 1684K, committed 1792K, reserved 1048576K
}
Event: 7.658 GC heap after
{Heap after GC invocations=7 (full 0):
 garbage-first heap   total 40960K, used 11749K [0x0000000082000000, 0x0000000100000000)
  region size 1024K, 1 young (1024K), 1 survivors (1024K)
 Metaspace       used 12302K, capacity 12671K, committed 12800K, reserved 1060864K
  class space    used 1520K, capacity 1684K, committed 1792K, reserved 1048576K
}

