# JRE version: Java(TM) SE Runtime Environment (12.0.2+10) (build 12.0.2+10)
# Java VM: Java HotSpot(TM) 64-Bit Server VM (12.0.2+10, mixed mode, sharing, tiered, compressed oops, g1 gc, windows-amd64)
Heap:
 garbage-first heap   total 55296K, used 18006K [0x0000000082000000, 0x0000000100000000)
  region size 1024K, 3 young (3072K), 1 survivors (1024K)
 Metaspace       used 12728K, capacity 13046K, committed 13184K, reserved 1060864K
  class space    used 1515K, capacity 1658K, committed 1664K, reserved 1048576K
GC Heap History (10 events):
Event: 210.168 GC heap before
{Heap before GC invocations=742 (full 0):
 garbage-first heap   total 55296K, used 22102K [0x0000000082000000, 0x0000000100000000)
  region size 1024K, 2 young (2048K), 1 survivors (1024K)
 Metaspace       used 12723K, capacity 13043K, committed 13184K, reserved 1060864K
  class space    used 1514K, capacity 1657K, committed 1664K, reserved 1048576K
}
Event: 210.169 GC heap after
{Heap after GC invocations=743 (full 0):
 garbage-first heap   total 55296K, used 12886K [0x0000000082000000, 0x0000000100000000)
  region size 1024K, 1 young (1024K), 1 survivors (1024K)
 Metaspace       used 12723K, capacity 13043K, committed 13184K, reserved 1060864K
  class space    used 1514K, capacity 1657K, committed 1664K, reserved 1048576K
}
Event: 210.634 GC heap before
{Heap before GC invocations=744 (full 0):
 garbage-first heap   total 55296K, used 22102K [0x0000000082000000, 0x0000000100000000)
  region size 1024K, 2 young (2048K), 1 survivors (1024K)
 Metaspace       used 12723K, capacity 13043K, committed 13184K, reserved 1060864K
  class space    used 1514K, capacity 1657K, committed 1664K, reserved 1048576K
}
Event: 210.635 GC heap after
{Heap after GC invocations=745 (full 0):
 garbage-first heap   total 55296K, used 12886K [0x0000000082000000, 0x0000000100000000)
  region size 1024K, 1 young (1024K), 1 survivors (1024K)
 Metaspace       used 12723K, capacity 13043K, committed 13184K, reserved 1060864K
  class space    used 1514K, capacity 1657K, committed 1664K, reserved 1048576K
}
Event: 211.233 GC heap before
{Heap before GC invocations=746 (full 0):
 garbage-first heap   total 55296K, used 22102K [0x0000000082000000, 0x0000000100000000)
  region size 1024K, 2 young (2048K), 1 survivors (1024K)
 Metaspace       used 12723K, capacity 13043K, committed 13184K, reserved 1060864K
  class space    used 1514K, capacity 1657K, committed 1664K, reserved 1048576K
}
Event: 211.233 GC heap after
{Heap after GC invocations=747 (full 0):
 garbage-first heap   total 55296K, used 12888K [0x0000000082000000, 0x0000000100000000)
  region size 1024K, 1 young (1024K), 1 survivors (1024K)
 Metaspace       used 12723K, capacity 13043K, committed 13184K, reserved 1060864K
  class space    used 1514K, capacity 1657K, committed 1664K, reserved 1048576K
}
Event: 211.680 GC heap before
{Heap before GC invocations=748 (full 0):
 garbage-first heap   total 55296K, used 22104K [0x0000000082000000, 0x0000000100000000)
  region size 1024K, 2 young (2048K), 1 survivors (1024K)
 Metaspace       used 12723K, capacity 13043K, committed 13184K, reserved 1060864K
  class space    used 1514K, capacity 1657K, committed 1664K, reserved 1048576K
}
Event: 211.681 GC heap after
{Heap after GC invocations=749 (full 0):
 garbage-first heap   total 55296K, used 12886K [0x0000000082000000, 0x0000000100000000)
  region size 1024K, 1 young (1024K), 1 survivors (1024K)
 Metaspace       used 12723K, capacity 13043K, committed 13184K, reserved 1060864K
  class space    used 1514K, capacity 1657K, committed 1664K, reserved 1048576K
}
Event: 212.280 GC heap before
{Heap before GC invocations=750 (full 0):
 garbage-first heap   total 55296K, used 22102K [0x0000000082000000, 0x0000000100000000)
  region size 1024K, 2 young (2048K), 1 survivors (1024K)
 Metaspace       used 12723K, capacity 13043K, committed 13184K, reserved 1060864K
  class space    used 1514K, capacity 1657K, committed 1664K, reserved 1048576K
}
Event: 212.281 GC heap after
{Heap after GC invocations=751 (full 0):
 garbage-first heap   total 55296K, used 12886K [0x0000000082000000, 0x0000000100000000)
  region size 1024K, 1 young (1024K), 1 survivors (1024K)
 Metaspace       used 12723K, capacity 13043K, committed 13184K, reserved 1060864K
  class space    used 1514K, capacity 1657K, committed 1664K, reserved 1048576K
}

