# JRE version: Java(TM) SE Runtime Environment (12.0.2+10) (build 12.0.2+10)
# Java VM: Java HotSpot(TM) 64-Bit Server VM (12.0.2+10, mixed mode, sharing, tiered, compressed oops, g1 gc, windows-amd64)
Heap:
 garbage-first heap   total 129024K, used 21501K [0x0000000082000000, 0x0000000100000000)
  region size 1024K, 8 young (8192K), 1 survivors (1024K)
 Metaspace       used 14056K, capacity 14391K, committed 14592K, reserved 1062912K
  class space    used 1608K, capacity 1760K, committed 1792K, reserved 1048576K
GC Heap History (6 events):
Event: 7.232 GC heap before
{Heap before GC invocations=0 (full 0):
 garbage-first heap   total 129024K, used 17408K [0x0000000082000000, 0x0000000100000000)
  region size 1024K, 14 young (14336K), 0 survivors (0K)
 Metaspace       used 12850K, capacity 13216K, committed 13568K, reserved 1060864K
  class space    used 1554K, capacity 1691K, committed 1792K, reserved 1048576K
}
Event: 7.237 GC heap after
{Heap after GC invocations=1 (full 0):
 garbage-first heap   total 129024K, used 7210K [0x0000000082000000, 0x0000000100000000)
  region size 1024K, 2 young (2048K), 2 survivors (2048K)
 Metaspace       used 12850K, capacity 13216K, committed 13568K, reserved 1060864K
  class space    used 1554K, capacity 1691K, committed 1792K, reserved 1048576K
}
Event: 8.706 GC heap before
{Heap before GC invocations=1 (full 0):
 garbage-first heap   total 129024K, used 11306K [0x0000000082000000, 0x0000000100000000)
  region size 1024K, 7 young (7168K), 2 survivors (2048K)
 Metaspace       used 13073K, capacity 13443K, committed 13568K, reserved 1060864K
  class space    used 1563K, capacity 1724K, committed 1792K, reserved 1048576K
}
Event: 8.710 GC heap after
{Heap after GC invocations=2 (full 0):
 garbage-first heap   total 129024K, used 7814K [0x0000000082000000, 0x0000000100000000)
  region size 1024K, 1 young (1024K), 1 survivors (1024K)
 Metaspace       used 13073K, capacity 13443K, committed 13568K, reserved 1060864K
  class space    used 1563K, capacity 1724K, committed 1792K, reserved 1048576K
}
Event: 46.849 GC heap before
{Heap before GC invocations=2 (full 0):
 garbage-first heap   total 129024K, used 40582K [0x0000000082000000, 0x0000000100000000)
  region size 1024K, 23 young (23552K), 1 survivors (1024K)
 Metaspace       used 14028K, capacity 14388K, committed 14592K, reserved 1062912K
  class space    used 1608K, capacity 1759K, committed 1792K, reserved 1048576K
}
Event: 46.850 GC heap after
{Heap after GC invocations=3 (full 0):
 garbage-first heap   total 129024K, used 15357K [0x0000000082000000, 0x0000000100000000)
  region size 1024K, 1 young (1024K), 1 survivors (1024K)
 Metaspace       used 14028K, capacity 14388K, committed 14592K, reserved 1062912K
  class space    used 1608K, capacity 1759K, committed 1792K, reserved 1048576K
}

