# JRE version: Java(TM) SE Runtime Environment (12.0.2+10) (build 12.0.2+10)
# Java VM: Java HotSpot(TM) 64-Bit Server VM (12.0.2+10, mixed mode, sharing, tiered, compressed oops, g1 gc, windows-amd64)
Heap:
 garbage-first heap   total 251904K, used 191039K [0x0000000082000000, 0x0000000100000000)
  region size 1024K, 2 young (2048K), 1 survivors (1024K)
 Metaspace       used 12711K, capacity 13056K, committed 13312K, reserved 1060864K
  class space    used 1521K, capacity 1684K, committed 1792K, reserved 1048576K
GC Heap History (10 events):
Event: 181.824 GC heap before
{Heap before GC invocations=104 (full 0):
 garbage-first heap   total 648192K, used 236102K [0x0000000082000000, 0x0000000100000000)
  region size 1024K, 2 young (2048K), 1 survivors (1024K)
 Metaspace       used 12682K, capacity 12989K, committed 13312K, reserved 1060864K
  class space    used 1520K, capacity 1683K, committed 1792K, reserved 1048576K
}
Event: 181.825 GC heap after
{Heap after GC invocations=105 (full 0):
 garbage-first heap   total 648192K, used 7732K [0x0000000082000000, 0x0000000100000000)
  region size 1024K, 1 young (1024K), 1 survivors (1024K)
 Metaspace       used 12682K, capacity 12989K, committed 13312K, reserved 1060864K
  class space    used 1520K, capacity 1683K, committed 1792K, reserved 1048576K
}
Event: 189.988 GC heap before
{Heap before GC invocations=106 (full 0):
 garbage-first heap   total 359424K, used 346676K [0x0000000082000000, 0x0000000100000000)
  region size 1024K, 2 young (2048K), 1 survivors (1024K)
 Metaspace       used 12682K, capacity 12989K, committed 13312K, reserved 1060864K
  class space    used 1520K, capacity 1683K, committed 1792K, reserved 1048576K
}
Event: 189.989 GC heap after
{Heap after GC invocations=107 (full 0):
 garbage-first heap   total 360448K, used 176704K [0x0000000082000000, 0x0000000100000000)
  region size 1024K, 1 young (1024K), 1 survivors (1024K)
 Metaspace       used 12682K, capacity 12989K, committed 13312K, reserved 1060864K
  class space    used 1520K, capacity 1683K, committed 1792K, reserved 1048576K
}
Event: 200.383 GC heap before
{Heap before GC invocations=107 (full 0):
 garbage-first heap   total 647168K, used 634432K [0x0000000082000000, 0x0000000100000000)
  region size 1024K, 2 young (2048K), 1 survivors (1024K)
 Metaspace       used 12682K, capacity 12989K, committed 13312K, reserved 1060864K
  class space    used 1520K, capacity 1683K, committed 1792K, reserved 1048576K
}
Event: 200.385 GC heap after
{Heap after GC invocations=108 (full 0):
 garbage-first heap   total 649216K, used 236106K [0x0000000082000000, 0x0000000100000000)
  region size 1024K, 1 young (1024K), 1 survivors (1024K)
 Metaspace       used 12682K, capacity 12989K, committed 13312K, reserved 1060864K
  class space    used 1520K, capacity 1683K, committed 1792K, reserved 1048576K
}
Event: 200.429 GC heap before
{Heap before GC invocations=108 (full 0):
 garbage-first heap   total 649216K, used 236106K [0x0000000082000000, 0x0000000100000000)
  region size 1024K, 2 young (2048K), 1 survivors (1024K)
 Metaspace       used 12682K, capacity 12989K, committed 13312K, reserved 1060864K
  class space    used 1520K, capacity 1683K, committed 1792K, reserved 1048576K
}
Event: 200.431 GC heap after
{Heap after GC invocations=109 (full 0):
 garbage-first heap   total 649216K, used 7734K [0x0000000082000000, 0x0000000100000000)
  region size 1024K, 1 young (1024K), 1 survivors (1024K)
 Metaspace       used 12682K, capacity 12989K, committed 13312K, reserved 1060864K
  class space    used 1520K, capacity 1683K, committed 1792K, reserved 1048576K
}
Event: 205.812 GC heap before
{Heap before GC invocations=110 (full 0):
 garbage-first heap   total 249856K, used 236086K [0x0000000082000000, 0x0000000100000000)
  region size 1024K, 2 young (2048K), 1 survivors (1024K)
 Metaspace       used 12682K, capacity 12989K, committed 13312K, reserved 1060864K
  class space    used 1520K, capacity 1683K, committed 1792K, reserved 1048576K
}
Event: 205.814 GC heap after
{Heap after GC invocations=111 (full 0):
 garbage-first heap   total 251904K, used 121407K [0x0000000082000000, 0x0000000100000000)
  region size 1024K, 1 young (1024K), 1 survivors (1024K)
 Metaspace       used 12682K, capacity 12989K, committed 13312K, reserved 1060864K
  class space    used 1520K, capacity 1683K, committed 1792K, reserved 1048576K
}

