# JRE version: Java(TM) SE Runtime Environment (12.0.2+10) (build 12.0.2+10)
# Java VM: Java HotSpot(TM) 64-Bit Server VM (12.0.2+10, mixed mode, sharing, tiered, compressed oops, g1 gc, windows-amd64)
Heap:
 garbage-first heap   total 58368K, used 22034K [0x0000000082000000, 0x0000000100000000)
  region size 1024K, 3 young (3072K), 1 survivors (1024K)
 Metaspace       used 12626K, capacity 12928K, committed 13056K, reserved 1060864K
  class space    used 1521K, capacity 1684K, committed 1792K, reserved 1048576K
GC Heap History (10 events):
Event: 56.261 GC heap before
{Heap before GC invocations=336 (full 0):
 garbage-first heap   total 58368K, used 23051K [0x0000000082000000, 0x0000000100000000)
  region size 1024K, 2 young (2048K), 1 survivors (1024K)
 Metaspace       used 12621K, capacity 12925K, committed 13056K, reserved 1060864K
  class space    used 1521K, capacity 1683K, committed 1792K, reserved 1048576K
}
Event: 56.262 GC heap after
{Heap after GC invocations=337 (full 0):
 garbage-first heap   total 58368K, used 12813K [0x0000000082000000, 0x0000000100000000)
  region size 1024K, 1 young (1024K), 1 survivors (1024K)
 Metaspace       used 12621K, capacity 12925K, committed 13056K, reserved 1060864K
  class space    used 1521K, capacity 1683K, committed 1792K, reserved 1048576K
}
Event: 56.515 GC heap before
{Heap before GC invocations=338 (full 0):
 garbage-first heap   total 58368K, used 23053K [0x0000000082000000, 0x0000000100000000)
  region size 1024K, 2 young (2048K), 1 survivors (1024K)
 Metaspace       used 12621K, capacity 12925K, committed 13056K, reserved 1060864K
  class space    used 1521K, capacity 1683K, committed 1792K, reserved 1048576K
}
Event: 56.516 GC heap after
{Heap after GC invocations=339 (full 0):
 garbage-first heap   total 58368K, used 12813K [0x0000000082000000, 0x0000000100000000)
  region size 1024K, 1 young (1024K), 1 survivors (1024K)
 Metaspace       used 12621K, capacity 12925K, committed 13056K, reserved 1060864K
  class space    used 1521K, capacity 1683K, committed 1792K, reserved 1048576K
}
Event: 56.766 GC heap before
{Heap before GC invocations=340 (full 0):
 garbage-first heap   total 58368K, used 23053K [0x0000000082000000, 0x0000000100000000)
  region size 1024K, 2 young (2048K), 1 survivors (1024K)
 Metaspace       used 12621K, capacity 12925K, committed 13056K, reserved 1060864K
  class space    used 1521K, capacity 1683K, committed 1792K, reserved 1048576K
}
Event: 56.767 GC heap after
{Heap after GC invocations=341 (full 0):
 garbage-first heap   total 58368K, used 12813K [0x0000000082000000, 0x0000000100000000)
  region size 1024K, 1 young (1024K), 1 survivors (1024K)
 Metaspace       used 12621K, capacity 12925K, committed 13056K, reserved 1060864K
  class space    used 1521K, capacity 1683K, committed 1792K, reserved 1048576K
}
Event: 57.018 GC heap before
{Heap before GC invocations=342 (full 0):
 garbage-first heap   total 58368K, used 23053K [0x0000000082000000, 0x0000000100000000)
  region size 1024K, 2 young (2048K), 1 survivors (1024K)
 Metaspace       used 12621K, capacity 12925K, committed 13056K, reserved 1060864K
  class space    used 1521K, capacity 1683K, committed 1792K, reserved 1048576K
}
Event: 57.019 GC heap after
{Heap after GC invocations=343 (full 0):
 garbage-first heap   total 58368K, used 12818K [0x0000000082000000, 0x0000000100000000)
  region size 1024K, 1 young (1024K), 1 survivors (1024K)
 Metaspace       used 12621K, capacity 12925K, committed 13056K, reserved 1060864K
  class space    used 1521K, capacity 1683K, committed 1792K, reserved 1048576K
}
Event: 57.272 GC heap before
{Heap before GC invocations=344 (full 0):
 garbage-first heap   total 58368K, used 23058K [0x0000000082000000, 0x0000000100000000)
  region size 1024K, 2 young (2048K), 1 survivors (1024K)
 Metaspace       used 12621K, capacity 12925K, committed 13056K, reserved 1060864K
  class space    used 1521K, capacity 1683K, committed 1792K, reserved 1048576K
}
Event: 57.273 GC heap after
{Heap after GC invocations=345 (full 0):
 garbage-first heap   total 58368K, used 12818K [0x0000000082000000, 0x0000000100000000)
  region size 1024K, 1 young (1024K), 1 survivors (1024K)
 Metaspace       used 12621K, capacity 12925K, committed 13056K, reserved 1060864K
  class space    used 1521K, capacity 1683K, committed 1792K, reserved 1048576K
}

